<?xml version="1.0" encoding="UTF-8"?>
<testng-results ignored="0" total="2" passed="1" failed="1" skipped="0">
  <reporter-output>
  </reporter-output>
  <suite started-at="2024-05-03T17:00:04Z" name="Default suite" finished-at="2024-05-03T17:00:16Z" duration-ms="11829">
    <groups>
      <group name="cucumber">
        <method signature="AbstractTestNGCucumberTests.runScenario(io.cucumber.testng.PickleWrapper, io.cucumber.testng.FeatureWrapper)[pri:0, instance:testrunner.FailedTestRunner@1df8da7a]" name="runScenario" class="io.cucumber.testng.AbstractTestNGCucumberTests"/>
      </group> <!-- cucumber -->
    </groups>
    <test started-at="2024-05-03T17:00:04Z" name="Default test" finished-at="2024-05-03T17:00:16Z" duration-ms="11829">
      <class name="testrunner.FailedTestRunner">
        <test-method is-config="true" signature="setUpClass(org.testng.ITestContext)[pri:0, instance:testrunner.FailedTestRunner@1df8da7a]" started-at="2024-05-03T17:00:04Z" name="setUpClass" finished-at="2024-05-03T17:00:04Z" duration-ms="469" status="PASS">
          <params>
            <param index="0">
              <value>
                <![CDATA[org.testng.TestRunner@ecfbe91]]>
              </value>
            </param>
          </params>
          <reporter-output>
          </reporter-output>
        </test-method> <!-- setUpClass -->
        <test-method signature="runScenario(io.cucumber.testng.PickleWrapper, io.cucumber.testng.FeatureWrapper)[pri:0, instance:testrunner.FailedTestRunner@1df8da7a]" started-at="2024-05-03T17:00:04Z" name="runScenario" description="Runs Cucumber Scenarios" data-provider="scenarios" finished-at="2024-05-03T17:00:15Z" duration-ms="10998" status="PASS">
          <params>
            <param index="0">
              <value>
                <![CDATA["Order experience for product search for both home and checkout"]]>
              </value>
            </param>
            <param index="1">
              <value>
                <![CDATA["Order products"]]>
              </value>
            </param>
          </params>
          <reporter-output>
          </reporter-output>
        </test-method> <!-- runScenario -->
        <test-method signature="runScenario(io.cucumber.testng.PickleWrapper, io.cucumber.testng.FeatureWrapper)[pri:0, instance:testrunner.FailedTestRunner@1df8da7a]" started-at="2024-05-03T17:00:04Z" name="runScenario" description="Runs Cucumber Scenarios" data-provider="scenarios" finished-at="2024-05-03T17:00:15Z" duration-ms="10552" status="FAIL">
          <params>
            <param index="0">
              <value>
                <![CDATA["Search Experience for product search for both home and offers page"]]>
              </value>
            </param>
            <param index="1">
              <value>
                <![CDATA["Search and Place the order for products"]]>
              </value>
            </param>
          </params>
          <exception class="java.lang.AssertionError">
            <message>
              <![CDATA[expected [No data] but found [Beetroot]]]>
            </message>
            <full-stacktrace>
              <![CDATA[java.lang.AssertionError: expected [No data] but found [Beetroot]
at org.testng.Assert.fail(Assert.java:96)
at org.testng.Assert.failNotEquals(Assert.java:776)
at org.testng.Assert.assertEqualsImpl(Assert.java:137)
at org.testng.Assert.assertEquals(Assert.java:118)
at org.testng.Assert.assertEquals(Assert.java:453)
at org.testng.Assert.assertEquals(Assert.java:463)
at stepdefinitions.OffersPageSteps.user_searched_for_same_shortname_in_offers_page_to_check_if_product_exist(OffersPageSteps.java:25)
at âœ½.user searched for bee shortname in offers page to check if product exist(file:///C:/Users/barbo/eclipse-workspace/seleniumcucumber/src/test/java/features/searchproduct.feature:8)
]]>
            </full-stacktrace>
          </exception> <!-- java.lang.AssertionError -->
          <reporter-output>
          </reporter-output>
        </test-method> <!-- runScenario -->
        <test-method is-config="true" signature="tearDownClass()[pri:0, instance:testrunner.FailedTestRunner@1df8da7a]" started-at="2024-05-03T17:00:15Z" name="tearDownClass" finished-at="2024-05-03T17:00:16Z" duration-ms="343" status="PASS">
          <reporter-output>
          </reporter-output>
        </test-method> <!-- tearDownClass -->
      </class> <!-- testrunner.FailedTestRunner -->
    </test> <!-- Default test -->
  </suite> <!-- Default suite -->
</testng-results>
